[17:01:30] [warning] XENGINE: Init Log
[17:01:30] [info] APP: hello 3
[17:01:30] [info] XENGINE: Creating window XEngine By Li (1600, 900)
[17:01:30] [info] XENGINE: OpenGL Info:
[17:01:30] [info] XENGINE: Vendor: NVIDIA Corporation
[17:01:30] [info] XENGINE: Renderer: NVIDIA GeForce RTX 3070 Ti Laptop GPU/PCIe/SSE2
[17:01:30] [info] XENGINE: Version: 4.6.0 NVIDIA 536.40
[17:01:30] [trace] XENGINE: MouseMovedEvent: 944, 836
[17:01:30] [trace] XENGINE: MouseMovedEvent: 944, 834
[17:01:30] [trace] XENGINE: MouseMovedEvent: 944, 833
[17:01:30] [trace] XENGINE: MouseMovedEvent: 945, 833
[17:01:30] [trace] XENGINE: MouseMovedEvent: 945, 831
[17:01:30] [trace] XENGINE: MouseMovedEvent: 945, 830
[17:01:30] [trace] XENGINE: MouseMovedEvent: 946, 830
[17:01:30] [trace] XENGINE: MouseMovedEvent: 946, 828
[17:01:30] [trace] XENGINE: MouseMovedEvent: 946, 827
[17:01:30] [trace] XENGINE: MouseMovedEvent: 948, 827
[17:01:30] [trace] XENGINE: MouseMovedEvent: 948, 825
[17:01:30] [trace] XENGINE: MouseMovedEvent: 948, 824
[17:01:30] [trace] XENGINE: MouseMovedEvent: 948, 822
[17:01:30] [trace] XENGINE: MouseMovedEvent: 948, 821
[17:01:30] [trace] XENGINE: MouseMovedEvent: 948, 819
[17:01:30] [trace] XENGINE: MouseMovedEvent: 948, 818
[17:01:30] [trace] XENGINE: MouseMovedEvent: 949, 818
[17:01:30] [trace] XENGINE: MouseMovedEvent: 949, 816
[17:01:30] [trace] XENGINE: MouseMovedEvent: 949, 815
[17:01:30] [trace] XENGINE: MouseMovedEvent: 949, 813
[17:01:30] [trace] XENGINE: MouseMovedEvent: 949, 812
[17:01:30] [trace] XENGINE: MouseMovedEvent: 949, 810
[17:01:30] [trace] XENGINE: MouseMovedEvent: 949, 809
[17:01:30] [trace] XENGINE: MouseMovedEvent: 949, 807
[17:01:30] [trace] XENGINE: MouseMovedEvent: 949, 806
[17:01:30] [trace] XENGINE: MouseMovedEvent: 949, 804
[17:01:30] [trace] XENGINE: MouseMovedEvent: 949, 803
[17:01:30] [trace] XENGINE: MouseMovedEvent: 949, 801
[17:01:30] [trace] XENGINE: MouseMovedEvent: 949, 800
[17:01:30] [trace] XENGINE: MouseMovedEvent: 949, 798
[17:01:30] [trace] XENGINE: MouseMovedEvent: 949, 797
[17:01:31] [trace] XENGINE: MouseMovedEvent: 949, 795
[17:01:31] [trace] XENGINE: MouseMovedEvent: 949, 794
[17:01:31] [trace] XENGINE: MouseMovedEvent: 951, 792
[17:01:31] [trace] XENGINE: MouseMovedEvent: 951, 791
[17:01:31] [trace] XENGINE: MouseMovedEvent: 951, 789
[17:01:31] [trace] XENGINE: MouseMovedEvent: 951, 788
[17:01:31] [trace] XENGINE: MouseMovedEvent: 951, 783
[17:01:31] [trace] XENGINE: MouseMovedEvent: 951, 782
[17:01:31] [trace] XENGINE: MouseMovedEvent: 951, 780
[17:01:31] [trace] XENGINE: MouseMovedEvent: 951, 777
[17:01:31] [trace] XENGINE: MouseMovedEvent: 951, 776
[17:01:31] [trace] XENGINE: MouseMovedEvent: 951, 773
[17:01:31] [trace] XENGINE: MouseMovedEvent: 951, 771
[17:01:31] [trace] XENGINE: MouseMovedEvent: 951, 768
[17:01:31] [trace] XENGINE: MouseMovedEvent: 951, 765
[17:01:31] [trace] XENGINE: MouseMovedEvent: 951, 761
[17:01:31] [trace] XENGINE: MouseMovedEvent: 951, 758
[17:01:31] [trace] XENGINE: MouseMovedEvent: 951, 755
[17:01:31] [trace] XENGINE: MouseMovedEvent: 951, 752
[17:01:31] [trace] XENGINE: MouseMovedEvent: 951, 749
[17:01:31] [trace] XENGINE: MouseMovedEvent: 951, 746
[17:01:31] [trace] XENGINE: MouseMovedEvent: 951, 744
[17:01:31] [trace] XENGINE: MouseMovedEvent: 951, 741
[17:01:31] [trace] XENGINE: MouseMovedEvent: 951, 738
[17:01:31] [trace] XENGINE: MouseMovedEvent: 951, 737
[17:01:31] [trace] XENGINE: MouseMovedEvent: 951, 734
[17:01:31] [trace] XENGINE: MouseMovedEvent: 951, 731
[17:01:31] [trace] XENGINE: MouseMovedEvent: 950, 728
[17:01:31] [trace] XENGINE: MouseMovedEvent: 950, 725
[17:01:31] [trace] XENGINE: MouseMovedEvent: 950, 720
[17:01:31] [trace] XENGINE: MouseMovedEvent: 950, 719
[17:01:31] [trace] XENGINE: MouseMovedEvent: 950, 716
[17:01:31] [trace] XENGINE: MouseMovedEvent: 948, 713
[17:01:31] [trace] XENGINE: MouseMovedEvent: 948, 711
[17:01:31] [trace] XENGINE: MouseMovedEvent: 948, 708
[17:01:31] [trace] XENGINE: MouseMovedEvent: 948, 705
[17:01:31] [trace] XENGINE: MouseMovedEvent: 948, 702
[17:01:31] [trace] XENGINE: MouseMovedEvent: 947, 699
[17:01:31] [trace] XENGINE: MouseMovedEvent: 947, 696
[17:01:31] [trace] XENGINE: MouseMovedEvent: 945, 693
[17:01:31] [trace] XENGINE: MouseMovedEvent: 945, 690
[17:01:31] [trace] XENGINE: MouseMovedEvent: 945, 687
[17:01:31] [trace] XENGINE: MouseMovedEvent: 944, 684
[17:01:31] [trace] XENGINE: MouseMovedEvent: 944, 681
[17:01:31] [trace] XENGINE: MouseMovedEvent: 944, 677
[17:01:31] [trace] XENGINE: MouseMovedEvent: 942, 674
[17:01:31] [trace] XENGINE: MouseMovedEvent: 942, 672
[17:01:31] [trace] XENGINE: MouseMovedEvent: 942, 669
[17:01:31] [trace] XENGINE: MouseMovedEvent: 941, 666
[17:01:31] [trace] XENGINE: MouseMovedEvent: 941, 665
[17:01:31] [trace] XENGINE: MouseMovedEvent: 941, 662
[17:01:31] [trace] XENGINE: MouseMovedEvent: 939, 659
[17:01:31] [trace] XENGINE: MouseMovedEvent: 939, 657
[17:01:31] [trace] XENGINE: MouseMovedEvent: 938, 654
[17:01:31] [trace] XENGINE: MouseMovedEvent: 938, 651
[17:01:31] [trace] XENGINE: MouseMovedEvent: 938, 650
[17:01:31] [trace] XENGINE: MouseMovedEvent: 936, 647
[17:01:31] [trace] XENGINE: MouseMovedEvent: 936, 645
[17:01:31] [trace] XENGINE: MouseMovedEvent: 935, 642
[17:01:31] [trace] XENGINE: MouseMovedEvent: 935, 639
[17:01:31] [trace] XENGINE: MouseMovedEvent: 933, 635
[17:01:31] [trace] XENGINE: MouseMovedEvent: 932, 632
[17:01:31] [trace] XENGINE: MouseMovedEvent: 932, 630
[17:01:31] [trace] XENGINE: MouseMovedEvent: 930, 627
[17:01:31] [trace] XENGINE: MouseMovedEvent: 930, 626
[17:01:31] [trace] XENGINE: MouseMovedEvent: 929, 623
[17:01:31] [trace] XENGINE: MouseMovedEvent: 929, 621
[17:01:31] [trace] XENGINE: MouseMovedEvent: 929, 618
[17:01:31] [trace] XENGINE: MouseMovedEvent: 927, 617
[17:01:31] [trace] XENGINE: MouseMovedEvent: 926, 614
[17:01:31] [trace] XENGINE: MouseMovedEvent: 926, 612
[17:01:31] [trace] XENGINE: MouseMovedEvent: 926, 609
[17:01:31] [trace] XENGINE: MouseMovedEvent: 924, 608
[17:01:31] [trace] XENGINE: MouseMovedEvent: 924, 605
[17:01:31] [trace] XENGINE: MouseMovedEvent: 923, 603
[17:01:31] [trace] XENGINE: MouseMovedEvent: 923, 602
[17:01:31] [trace] XENGINE: MouseMovedEvent: 921, 597
[17:01:31] [trace] XENGINE: MouseMovedEvent: 920, 596
[17:01:31] [trace] XENGINE: MouseMovedEvent: 920, 594
[17:01:31] [trace] XENGINE: MouseMovedEvent: 918, 591
[17:01:31] [trace] XENGINE: MouseMovedEvent: 918, 590
[17:01:31] [trace] XENGINE: MouseMovedEvent: 917, 588
[17:01:31] [trace] XENGINE: MouseMovedEvent: 917, 587
[17:01:31] [trace] XENGINE: MouseMovedEvent: 917, 585
[17:01:31] [trace] XENGINE: MouseMovedEvent: 915, 584
[17:01:31] [trace] XENGINE: MouseMovedEvent: 915, 582
[17:01:31] [trace] XENGINE: MouseMovedEvent: 914, 579
[17:01:31] [trace] XENGINE: MouseMovedEvent: 914, 578
[17:01:31] [trace] XENGINE: MouseMovedEvent: 914, 576
[17:01:31] [trace] XENGINE: MouseMovedEvent: 912, 575
[17:01:31] [trace] XENGINE: MouseMovedEvent: 912, 573
[17:01:31] [trace] XENGINE: MouseMovedEvent: 911, 572
[17:01:31] [trace] XENGINE: MouseMovedEvent: 911, 570
[17:01:31] [trace] XENGINE: MouseMovedEvent: 909, 569
[17:01:31] [trace] XENGINE: MouseMovedEvent: 909, 567
[17:01:31] [trace] XENGINE: MouseMovedEvent: 908, 566
[17:01:31] [trace] XENGINE: MouseMovedEvent: 908, 564
[17:01:31] [trace] XENGINE: MouseMovedEvent: 906, 563
[17:01:31] [trace] XENGINE: MouseMovedEvent: 906, 561
[17:01:31] [trace] XENGINE: MouseMovedEvent: 906, 560
[17:01:31] [trace] XENGINE: MouseMovedEvent: 905, 560
[17:01:31] [trace] XENGINE: MouseMovedEvent: 905, 558
[17:01:31] [trace] XENGINE: MouseMovedEvent: 903, 557
[17:01:31] [trace] XENGINE: MouseMovedEvent: 903, 555
[17:01:31] [trace] XENGINE: MouseMovedEvent: 902, 554
[17:01:31] [trace] XENGINE: MouseMovedEvent: 900, 552
[17:01:31] [trace] XENGINE: MouseMovedEvent: 900, 551
[17:01:31] [trace] XENGINE: MouseMovedEvent: 899, 549
[17:01:31] [trace] XENGINE: MouseMovedEvent: 899, 548
[17:01:31] [trace] XENGINE: MouseMovedEvent: 897, 546
[17:01:31] [trace] XENGINE: MouseMovedEvent: 897, 545
[17:01:31] [trace] XENGINE: MouseMovedEvent: 896, 543
[17:01:31] [trace] XENGINE: MouseMovedEvent: 896, 542
[17:01:31] [trace] XENGINE: MouseMovedEvent: 894, 542
[17:01:31] [trace] XENGINE: MouseMovedEvent: 894, 540
[17:01:31] [trace] XENGINE: MouseMovedEvent: 894, 539
[17:01:31] [trace] XENGINE: MouseMovedEvent: 893, 537
[17:01:31] [trace] XENGINE: MouseMovedEvent: 891, 536
[17:01:31] [trace] XENGINE: MouseMovedEvent: 891, 534
[17:01:31] [trace] XENGINE: MouseMovedEvent: 890, 533
[17:01:31] [trace] XENGINE: MouseMovedEvent: 888, 531
[17:01:31] [trace] XENGINE: MouseMovedEvent: 888, 530
[17:01:31] [trace] XENGINE: MouseMovedEvent: 888, 528
[17:01:31] [trace] XENGINE: MouseMovedEvent: 887, 528
[17:01:31] [trace] XENGINE: MouseMovedEvent: 887, 527
[17:01:31] [trace] XENGINE: MouseMovedEvent: 885, 525
[17:01:31] [trace] XENGINE: MouseMovedEvent: 885, 524
[17:01:31] [trace] XENGINE: MouseMovedEvent: 884, 524
[17:01:31] [trace] XENGINE: MouseMovedEvent: 884, 522
[17:01:31] [trace] XENGINE: MouseMovedEvent: 884, 521
[17:01:31] [trace] XENGINE: MouseMovedEvent: 882, 519
[17:01:31] [trace] XENGINE: MouseMovedEvent: 882, 518
[17:01:31] [trace] XENGINE: MouseMovedEvent: 881, 516
[17:01:31] [trace] XENGINE: MouseMovedEvent: 881, 515
[17:01:31] [trace] XENGINE: MouseMovedEvent: 879, 513
[17:01:31] [trace] XENGINE: MouseMovedEvent: 879, 512
[17:01:31] [trace] XENGINE: MouseMovedEvent: 879, 510
[17:01:31] [trace] XENGINE: MouseMovedEvent: 878, 509
[17:01:31] [trace] XENGINE: MouseMovedEvent: 878, 507
[17:01:31] [trace] XENGINE: MouseMovedEvent: 876, 506
[17:01:31] [trace] XENGINE: MouseMovedEvent: 876, 504
[17:01:31] [trace] XENGINE: MouseMovedEvent: 876, 503
[17:01:31] [trace] XENGINE: MouseMovedEvent: 875, 501
[17:01:31] [trace] XENGINE: MouseMovedEvent: 875, 500
[17:01:31] [trace] XENGINE: MouseMovedEvent: 875, 498
[17:01:31] [trace] XENGINE: MouseMovedEvent: 873, 497
[17:01:31] [trace] XENGINE: MouseMovedEvent: 873, 495
[17:01:31] [trace] XENGINE: MouseMovedEvent: 873, 494
[17:01:31] [trace] XENGINE: MouseMovedEvent: 872, 492
[17:01:31] [trace] XENGINE: MouseMovedEvent: 872, 491
[17:01:31] [trace] XENGINE: MouseMovedEvent: 872, 489
[17:01:31] [trace] XENGINE: MouseMovedEvent: 872, 488
[17:01:31] [trace] XENGINE: MouseMovedEvent: 870, 486
[17:01:31] [trace] XENGINE: MouseMovedEvent: 870, 485
[17:01:31] [trace] XENGINE: MouseMovedEvent: 870, 483
[17:01:31] [trace] XENGINE: MouseMovedEvent: 869, 480
[17:01:31] [trace] XENGINE: MouseMovedEvent: 869, 479
[17:01:31] [trace] XENGINE: MouseMovedEvent: 869, 477
[17:01:31] [trace] XENGINE: MouseMovedEvent: 869, 476
[17:01:31] [trace] XENGINE: MouseMovedEvent: 869, 474
[17:01:31] [trace] XENGINE: MouseMovedEvent: 869, 473
[17:01:31] [trace] XENGINE: MouseMovedEvent: 869, 471
[17:01:31] [trace] XENGINE: MouseMovedEvent: 869, 470
[17:01:31] [trace] XENGINE: MouseMovedEvent: 869, 468
[17:01:31] [trace] XENGINE: MouseMovedEvent: 869, 467
[17:01:31] [trace] XENGINE: MouseMovedEvent: 869, 465
[17:01:31] [trace] XENGINE: MouseMovedEvent: 869, 464
[17:01:31] [trace] XENGINE: MouseMovedEvent: 869, 462
[17:01:31] [trace] XENGINE: MouseMovedEvent: 869, 461
[17:01:31] [trace] XENGINE: MouseMovedEvent: 869, 459
[17:01:31] [trace] XENGINE: MouseMovedEvent: 869, 458
[17:01:31] [trace] XENGINE: MouseMovedEvent: 869, 456
[17:01:31] [trace] XENGINE: MouseMovedEvent: 869, 455
[17:01:31] [trace] XENGINE: MouseMovedEvent: 869, 453
[17:01:31] [trace] XENGINE: MouseMovedEvent: 869, 452
[17:01:31] [trace] XENGINE: MouseMovedEvent: 870, 452
[17:01:31] [trace] XENGINE: MouseMovedEvent: 870, 450
[17:01:31] [trace] XENGINE: MouseMovedEvent: 870, 449
[17:01:31] [trace] XENGINE: MouseMovedEvent: 871, 447
[17:01:31] [trace] XENGINE: MouseMovedEvent: 871, 446
[17:01:31] [trace] XENGINE: MouseMovedEvent: 873, 446
[17:01:31] [trace] XENGINE: MouseMovedEvent: 873, 444
[17:01:31] [trace] XENGINE: MouseMovedEvent: 874, 444
[17:01:31] [trace] XENGINE: MouseMovedEvent: 874, 443
[17:01:31] [trace] XENGINE: MouseMovedEvent: 876, 443
[17:01:31] [trace] XENGINE: MouseMovedEvent: 876, 441
[17:01:31] [trace] XENGINE: MouseMovedEvent: 877, 440
[17:01:31] [trace] XENGINE: MouseMovedEvent: 879, 438
[17:01:31] [trace] XENGINE: MouseMovedEvent: 880, 437
[17:01:31] [trace] XENGINE: MouseMovedEvent: 882, 435
[17:01:31] [trace] XENGINE: MouseMovedEvent: 883, 434
[17:01:31] [trace] XENGINE: MouseMovedEvent: 885, 434
[17:01:31] [trace] XENGINE: MouseMovedEvent: 886, 432
[17:01:31] [trace] XENGINE: MouseMovedEvent: 888, 431
[17:01:31] [trace] XENGINE: MouseMovedEvent: 889, 431
[17:01:31] [trace] XENGINE: MouseMovedEvent: 889, 429
[17:01:31] [trace] XENGINE: MouseMovedEvent: 891, 429
[17:01:31] [trace] XENGINE: MouseMovedEvent: 891, 428
[17:01:31] [trace] XENGINE: MouseMovedEvent: 892, 428
[17:01:31] [trace] XENGINE: MouseMovedEvent: 894, 428
[17:01:31] [trace] XENGINE: MouseMovedEvent: 894, 426
[17:01:31] [trace] XENGINE: MouseMovedEvent: 895, 426
[17:01:31] [trace] XENGINE: MouseMovedEvent: 897, 425
[17:01:31] [trace] XENGINE: MouseMovedEvent: 898, 425
[17:01:31] [trace] XENGINE: MouseMovedEvent: 900, 423
[17:01:31] [trace] XENGINE: MouseMovedEvent: 901, 422
[17:01:31] [trace] XENGINE: MouseMovedEvent: 903, 422
[17:01:31] [trace] XENGINE: MouseMovedEvent: 904, 422
[17:01:31] [trace] XENGINE: MouseMovedEvent: 904, 420
[17:01:31] [trace] XENGINE: MouseMovedEvent: 906, 420
[17:01:31] [trace] XENGINE: MouseMovedEvent: 907, 419
[17:01:31] [trace] XENGINE: MouseMovedEvent: 909, 419
[17:01:31] [trace] XENGINE: MouseMovedEvent: 910, 417
[17:01:31] [trace] XENGINE: MouseMovedEvent: 912, 417
[17:01:31] [trace] XENGINE: MouseMovedEvent: 913, 417
[17:01:31] [trace] XENGINE: MouseMovedEvent: 915, 416
[17:01:31] [trace] XENGINE: MouseMovedEvent: 916, 416
[17:01:31] [trace] XENGINE: MouseMovedEvent: 918, 414
[17:01:31] [trace] XENGINE: MouseMovedEvent: 921, 414
[17:01:31] [trace] XENGINE: MouseMovedEvent: 921, 413
[17:01:31] [trace] XENGINE: MouseMovedEvent: 922, 413
[17:01:31] [trace] XENGINE: MouseMovedEvent: 924, 413
[17:01:31] [trace] XENGINE: MouseMovedEvent: 925, 411
[17:01:31] [trace] XENGINE: MouseMovedEvent: 927, 411
[17:01:31] [trace] XENGINE: MouseMovedEvent: 928, 411
[17:01:31] [trace] XENGINE: MouseMovedEvent: 930, 411
[17:01:31] [trace] XENGINE: MouseMovedEvent: 930, 410
[17:01:31] [trace] XENGINE: MouseMovedEvent: 931, 410
[17:01:31] [trace] XENGINE: MouseMovedEvent: 933, 410
[17:01:31] [trace] XENGINE: MouseMovedEvent: 934, 410
[17:01:31] [trace] XENGINE: MouseMovedEvent: 936, 408
[17:01:31] [trace] XENGINE: MouseMovedEvent: 937, 408
[17:01:31] [trace] XENGINE: MouseMovedEvent: 939, 408
[17:01:31] [trace] XENGINE: MouseMovedEvent: 940, 408
[17:01:31] [trace] XENGINE: MouseMovedEvent: 942, 407
[17:01:31] [trace] XENGINE: MouseMovedEvent: 943, 407
[17:01:31] [trace] XENGINE: MouseMovedEvent: 945, 407
[17:01:31] [trace] XENGINE: MouseMovedEvent: 946, 407
[17:01:31] [trace] XENGINE: MouseMovedEvent: 948, 407
[17:01:31] [trace] XENGINE: MouseMovedEvent: 949, 405
[17:01:31] [trace] XENGINE: MouseMovedEvent: 951, 405
[17:01:31] [trace] XENGINE: MouseMovedEvent: 952, 405
[17:01:31] [trace] XENGINE: MouseMovedEvent: 955, 405
[17:01:31] [trace] XENGINE: MouseMovedEvent: 957, 405
[17:01:31] [trace] XENGINE: MouseMovedEvent: 958, 405
[17:01:31] [trace] XENGINE: MouseMovedEvent: 960, 404
[17:01:31] [trace] XENGINE: MouseMovedEvent: 961, 404
[17:01:31] [trace] XENGINE: MouseMovedEvent: 963, 404
[17:01:31] [trace] XENGINE: MouseMovedEvent: 964, 404
[17:01:31] [trace] XENGINE: MouseMovedEvent: 966, 404
[17:01:31] [trace] XENGINE: MouseMovedEvent: 967, 404
[17:01:31] [trace] XENGINE: MouseMovedEvent: 969, 402
[17:01:31] [trace] XENGINE: MouseMovedEvent: 970, 402
[17:01:31] [trace] XENGINE: MouseMovedEvent: 972, 402
[17:01:31] [trace] XENGINE: MouseMovedEvent: 975, 402
[17:01:31] [trace] XENGINE: MouseMovedEvent: 976, 402
[17:01:31] [trace] XENGINE: MouseMovedEvent: 978, 401
[17:01:31] [trace] XENGINE: MouseMovedEvent: 979, 401
[17:01:31] [trace] XENGINE: MouseMovedEvent: 981, 401
[17:01:31] [trace] XENGINE: MouseMovedEvent: 982, 401
[17:01:31] [trace] XENGINE: MouseMovedEvent: 984, 401
[17:01:31] [trace] XENGINE: MouseMovedEvent: 985, 401
[17:01:31] [trace] XENGINE: MouseMovedEvent: 988, 399
[17:01:31] [trace] XENGINE: MouseMovedEvent: 990, 399
[17:01:31] [trace] XENGINE: MouseMovedEvent: 991, 399
[17:01:31] [trace] XENGINE: MouseMovedEvent: 993, 399
[17:01:31] [trace] XENGINE: MouseMovedEvent: 994, 399
[17:01:31] [trace] XENGINE: MouseMovedEvent: 996, 399
[17:01:31] [trace] XENGINE: MouseMovedEvent: 996, 398
[17:01:31] [trace] XENGINE: MouseMovedEvent: 997, 398
[17:01:31] [trace] XENGINE: MouseMovedEvent: 999, 398
[17:01:31] [trace] XENGINE: MouseMovedEvent: 998, 398
[17:01:31] [trace] XENGINE: MouseMovedEvent: 996, 396
[17:01:31] [trace] XENGINE: MouseMovedEvent: 995, 396
[17:01:31] [trace] XENGINE: MouseMovedEvent: 993, 396
[17:01:31] [trace] XENGINE: MouseMovedEvent: 992, 396
[17:01:31] [trace] XENGINE: MouseMovedEvent: 990, 396
[17:01:31] [trace] XENGINE: MouseMovedEvent: 990, 395
[17:01:31] [trace] XENGINE: MouseMovedEvent: 989, 395
[17:01:31] [trace] XENGINE: MouseMovedEvent: 987, 395
[17:01:31] [trace] XENGINE: MouseMovedEvent: 986, 393
[17:01:31] [trace] XENGINE: MouseMovedEvent: 984, 393
[17:01:31] [trace] XENGINE: MouseMovedEvent: 983, 392
[17:01:31] [trace] XENGINE: MouseMovedEvent: 981, 392
[17:01:31] [trace] XENGINE: MouseMovedEvent: 981, 390
[17:01:31] [trace] XENGINE: MouseMovedEvent: 980, 390
[17:01:31] [trace] XENGINE: MouseMovedEvent: 980, 389
[17:01:31] [trace] XENGINE: MouseMovedEvent: 978, 389
[17:01:31] [trace] XENGINE: MouseMovedEvent: 978, 387
[17:01:31] [trace] XENGINE: MouseMovedEvent: 977, 386
[17:01:31] [trace] XENGINE: MouseMovedEvent: 977, 384
[17:01:31] [trace] XENGINE: MouseMovedEvent: 975, 383
[17:01:31] [trace] XENGINE: MouseMovedEvent: 975, 381
[17:01:31] [trace] XENGINE: MouseMovedEvent: 975, 380
[17:01:31] [trace] XENGINE: MouseMovedEvent: 975, 378
[17:01:31] [trace] XENGINE: MouseMovedEvent: 975, 377
[17:01:31] [trace] XENGINE: MouseMovedEvent: 975, 375
[17:01:31] [trace] XENGINE: MouseMovedEvent: 975, 374
[17:01:31] [trace] XENGINE: MouseMovedEvent: 975, 372
[17:01:31] [trace] XENGINE: MouseMovedEvent: 975, 371
[17:01:31] [trace] XENGINE: MouseMovedEvent: 975, 369
[17:01:31] [trace] XENGINE: MouseMovedEvent: 975, 368
[17:01:31] [trace] XENGINE: MouseMovedEvent: 975, 366
[17:01:31] [trace] XENGINE: MouseMovedEvent: 975, 365
[17:01:31] [trace] XENGINE: MouseMovedEvent: 975, 363
[17:01:31] [trace] XENGINE: MouseMovedEvent: 975, 362
[17:01:31] [trace] XENGINE: MouseMovedEvent: 975, 360
[17:01:31] [trace] XENGINE: MouseMovedEvent: 976, 359
[17:01:31] [trace] XENGINE: MouseMovedEvent: 976, 357
[17:01:31] [trace] XENGINE: MouseMovedEvent: 976, 354
[17:01:31] [trace] XENGINE: MouseMovedEvent: 978, 353
[17:01:31] [trace] XENGINE: MouseMovedEvent: 978, 351
[17:01:31] [trace] XENGINE: MouseMovedEvent: 978, 350
[17:01:31] [trace] XENGINE: MouseMovedEvent: 978, 348
[17:01:31] [trace] XENGINE: MouseMovedEvent: 979, 348
[17:01:31] [trace] XENGINE: MouseMovedEvent: 979, 347
[17:01:31] [trace] XENGINE: MouseMovedEvent: 979, 345
[17:01:31] [trace] XENGINE: MouseMovedEvent: 979, 344
[17:01:31] [trace] XENGINE: MouseMovedEvent: 981, 342
[17:01:31] [trace] XENGINE: MouseMovedEvent: 981, 341
[17:01:31] [trace] XENGINE: MouseMovedEvent: 981, 339
[17:01:31] [trace] XENGINE: MouseMovedEvent: 982, 339
[17:01:31] [trace] XENGINE: MouseMovedEvent: 982, 338
[17:01:31] [trace] XENGINE: MouseMovedEvent: 982, 336
[17:01:31] [trace] XENGINE: MouseMovedEvent: 982, 335
[17:01:31] [trace] XENGINE: MouseMovedEvent: 984, 335
[17:01:31] [trace] XENGINE: MouseMovedEvent: 984, 333
[17:01:31] [trace] XENGINE: MouseMovedEvent: 985, 332
[17:01:31] [trace] XENGINE: MouseMovedEvent: 985, 330
[17:01:31] [trace] XENGINE: MouseMovedEvent: 987, 329
[17:01:31] [trace] XENGINE: MouseMovedEvent: 987, 327
[17:01:31] [trace] XENGINE: MouseMovedEvent: 987, 326
[17:01:31] [trace] XENGINE: MouseMovedEvent: 988, 326
[17:01:31] [trace] XENGINE: MouseMovedEvent: 988, 324
[17:01:31] [trace] XENGINE: MouseMovedEvent: 990, 323
[17:01:31] [trace] XENGINE: MouseMovedEvent: 990, 321
[17:01:31] [trace] XENGINE: MouseMovedEvent: 991, 321
[17:01:31] [trace] XENGINE: MouseMovedEvent: 991, 320
[17:01:31] [trace] XENGINE: MouseMovedEvent: 991, 318
[17:01:31] [trace] XENGINE: MouseMovedEvent: 993, 317
[17:01:31] [trace] XENGINE: MouseMovedEvent: 994, 315
[17:01:31] [trace] XENGINE: MouseMovedEvent: 994, 314
[17:01:31] [trace] XENGINE: MouseMovedEvent: 996, 312
[17:01:31] [trace] XENGINE: MouseMovedEvent: 996, 311
[17:01:31] [trace] XENGINE: MouseMovedEvent: 999, 308
[17:01:31] [trace] XENGINE: MouseMovedEvent: 999, 306
[17:01:31] [trace] XENGINE: MouseMovedEvent: 1000, 305
[17:01:31] [trace] XENGINE: MouseMovedEvent: 1000, 303
[17:01:31] [trace] XENGINE: MouseMovedEvent: 1002, 302
[17:01:31] [trace] XENGINE: MouseMovedEvent: 1002, 300
[17:01:31] [trace] XENGINE: MouseMovedEvent: 1003, 299
[17:01:31] [trace] XENGINE: MouseMovedEvent: 1005, 297
[17:01:31] [trace] XENGINE: MouseMovedEvent: 1005, 296
[17:01:31] [trace] XENGINE: MouseMovedEvent: 1006, 294
[17:01:31] [trace] XENGINE: MouseMovedEvent: 1008, 293
[17:01:31] [trace] XENGINE: MouseMovedEvent: 1008, 291
[17:01:31] [trace] XENGINE: MouseMovedEvent: 1009, 290
[17:01:31] [trace] XENGINE: MouseMovedEvent: 1011, 288
[17:01:31] [trace] XENGINE: MouseMovedEvent: 1011, 287
[17:01:31] [trace] XENGINE: MouseMovedEvent: 1012, 285
[17:01:31] [trace] XENGINE: MouseMovedEvent: 1014, 284
[17:01:31] [trace] XENGINE: MouseMovedEvent: 1014, 282
[17:01:31] [trace] XENGINE: MouseMovedEvent: 1015, 281
[17:01:31] [trace] XENGINE: MouseMovedEvent: 1015, 279
[17:01:31] [trace] XENGINE: MouseMovedEvent: 1017, 278
[17:01:31] [trace] XENGINE: MouseMovedEvent: 1018, 276
[17:01:31] [trace] XENGINE: MouseMovedEvent: 1018, 275
[17:01:31] [trace] XENGINE: MouseMovedEvent: 1020, 273
[17:01:31] [trace] XENGINE: MouseMovedEvent: 1021, 272
[17:01:31] [trace] XENGINE: MouseMovedEvent: 1021, 270
[17:01:31] [trace] XENGINE: MouseMovedEvent: 1023, 269
[17:01:31] [trace] XENGINE: MouseMovedEvent: 1024, 267
[17:01:31] [trace] XENGINE: MouseMovedEvent: 1026, 267
[17:01:31] [trace] XENGINE: MouseMovedEvent: 1026, 266
[17:01:31] [trace] XENGINE: MouseMovedEvent: 1027, 264
[17:01:31] [trace] XENGINE: MouseMovedEvent: 1029, 263
[17:01:31] [trace] XENGINE: MouseMovedEvent: 1029, 261
[17:01:31] [trace] XENGINE: MouseMovedEvent: 1030, 260
[17:01:31] [trace] XENGINE: MouseMovedEvent: 1032, 258
[17:01:31] [trace] XENGINE: MouseMovedEvent: 1032, 257
[17:01:31] [trace] XENGINE: MouseMovedEvent: 1033, 255
[17:01:31] [trace] XENGINE: MouseMovedEvent: 1035, 254
[17:01:31] [trace] XENGINE: MouseMovedEvent: 1036, 254
[17:01:31] [trace] XENGINE: MouseMovedEvent: 1036, 252
[17:01:31] [trace] XENGINE: MouseMovedEvent: 1038, 251
[17:01:31] [trace] XENGINE: MouseMovedEvent: 1039, 249
[17:01:31] [trace] XENGINE: MouseMovedEvent: 1041, 248
[17:01:31] [trace] XENGINE: MouseMovedEvent: 1042, 246
[17:01:31] [trace] XENGINE: MouseMovedEvent: 1042, 245
[17:01:31] [trace] XENGINE: MouseMovedEvent: 1044, 245
[17:01:31] [trace] XENGINE: MouseMovedEvent: 1045, 243
[17:01:31] [trace] XENGINE: MouseMovedEvent: 1047, 242
[17:01:31] [trace] XENGINE: MouseMovedEvent: 1048, 240
[17:01:31] [trace] XENGINE: MouseMovedEvent: 1048, 239
[17:01:31] [trace] XENGINE: MouseMovedEvent: 1050, 239
[17:01:31] [trace] XENGINE: MouseMovedEvent: 1051, 237
[17:01:31] [trace] XENGINE: MouseMovedEvent: 1053, 236
[17:01:31] [trace] XENGINE: MouseMovedEvent: 1054, 236
[17:01:31] [trace] XENGINE: MouseMovedEvent: 1054, 234
[17:01:31] [trace] XENGINE: MouseMovedEvent: 1056, 233
[17:01:31] [trace] XENGINE: MouseMovedEvent: 1057, 233
[17:01:31] [trace] XENGINE: MouseMovedEvent: 1059, 231
[17:01:31] [trace] XENGINE: MouseMovedEvent: 1060, 230
[17:01:31] [trace] XENGINE: MouseMovedEvent: 1062, 228
[17:01:31] [trace] XENGINE: MouseMovedEvent: 1063, 228
[17:01:31] [trace] XENGINE: MouseMovedEvent: 1065, 227
[17:01:31] [trace] XENGINE: MouseMovedEvent: 1066, 225
[17:01:31] [trace] XENGINE: MouseMovedEvent: 1068, 224
[17:01:31] [trace] XENGINE: MouseMovedEvent: 1069, 222
[17:01:31] [trace] XENGINE: MouseMovedEvent: 1071, 221
[17:01:31] [trace] XENGINE: MouseMovedEvent: 1072, 221
[17:01:31] [trace] XENGINE: MouseMovedEvent: 1074, 219
[17:01:31] [trace] XENGINE: MouseMovedEvent: 1075, 219
[17:01:31] [trace] XENGINE: MouseMovedEvent: 1075, 218
[17:01:31] [trace] XENGINE: MouseMovedEvent: 1077, 216
[17:01:31] [trace] XENGINE: MouseMovedEvent: 1078, 216
[17:01:31] [trace] XENGINE: MouseMovedEvent: 1080, 215
[17:01:31] [trace] XENGINE: MouseMovedEvent: 1081, 215
[17:01:31] [trace] XENGINE: MouseMovedEvent: 1083, 213
[17:01:31] [trace] XENGINE: MouseMovedEvent: 1083, 212
[17:01:31] [trace] XENGINE: MouseMovedEvent: 1084, 212
[17:01:31] [trace] XENGINE: MouseMovedEvent: 1086, 212
[17:01:31] [trace] XENGINE: MouseMovedEvent: 1086, 210
[17:01:31] [trace] XENGINE: MouseMovedEvent: 1087, 210
[17:01:31] [trace] XENGINE: MouseMovedEvent: 1089, 209
[17:01:31] [trace] XENGINE: MouseMovedEvent: 1090, 209
[17:01:31] [trace] XENGINE: MouseMovedEvent: 1090, 207
[17:01:31] [trace] XENGINE: MouseMovedEvent: 1092, 207
[17:01:31] [trace] XENGINE: MouseMovedEvent: 1093, 206
[17:01:31] [trace] XENGINE: MouseMovedEvent: 1095, 206
[17:01:31] [trace] XENGINE: MouseMovedEvent: 1096, 204
[17:01:31] [trace] XENGINE: MouseMovedEvent: 1098, 204
[17:01:31] [trace] XENGINE: MouseMovedEvent: 1097, 204
[17:01:31] [trace] XENGINE: MouseMovedEvent: 1097, 205
[17:01:31] [trace] XENGINE: MouseMovedEvent: 1095, 205
[17:01:31] [trace] XENGINE: MouseMovedEvent: 1095, 207
[17:01:31] [trace] XENGINE: MouseMovedEvent: 1094, 208
[17:01:31] [trace] XENGINE: MouseMovedEvent: 1092, 210
[17:01:31] [trace] XENGINE: MouseMovedEvent: 1092, 211
[17:01:31] [trace] XENGINE: MouseMovedEvent: 1091, 211
[17:01:31] [trace] XENGINE: MouseMovedEvent: 1089, 213
[17:01:31] [trace] XENGINE: MouseMovedEvent: 1089, 214
[17:01:31] [trace] XENGINE: MouseMovedEvent: 1088, 214
[17:01:31] [trace] XENGINE: MouseMovedEvent: 1086, 217
[17:01:31] [trace] XENGINE: MouseMovedEvent: 1085, 219
[17:01:31] [trace] XENGINE: MouseMovedEvent: 1083, 220
[17:01:31] [trace] XENGINE: MouseMovedEvent: 1082, 222
[17:01:31] [trace] XENGINE: MouseMovedEvent: 1080, 223
[17:01:31] [trace] XENGINE: MouseMovedEvent: 1079, 225
[17:01:31] [trace] XENGINE: MouseMovedEvent: 1077, 226
[17:01:31] [trace] XENGINE: MouseMovedEvent: 1076, 228
[17:01:31] [trace] XENGINE: MouseMovedEvent: 1074, 229
[17:01:31] [trace] XENGINE: MouseMovedEvent: 1073, 231
[17:01:31] [trace] XENGINE: MouseMovedEvent: 1071, 232
[17:01:31] [trace] XENGINE: MouseMovedEvent: 1070, 234
[17:01:31] [trace] XENGINE: MouseMovedEvent: 1067, 237
[17:01:31] [trace] XENGINE: MouseMovedEvent: 1065, 238
[17:01:31] [trace] XENGINE: MouseMovedEvent: 1064, 240
[17:01:31] [trace] XENGINE: MouseMovedEvent: 1062, 243
[17:01:31] [trace] XENGINE: MouseMovedEvent: 1059, 244
[17:01:31] [trace] XENGINE: MouseMovedEvent: 1058, 246
[17:01:31] [trace] XENGINE: MouseMovedEvent: 1056, 249
[17:01:31] [trace] XENGINE: MouseMovedEvent: 1053, 250
[17:01:31] [trace] XENGINE: MouseMovedEvent: 1052, 252
[17:01:31] [trace] XENGINE: MouseMovedEvent: 1050, 253
[17:01:31] [trace] XENGINE: MouseMovedEvent: 1047, 256
[17:01:31] [trace] XENGINE: MouseMovedEvent: 1046, 258
[17:01:31] [trace] XENGINE: MouseMovedEvent: 1043, 259
[17:01:31] [trace] XENGINE: MouseMovedEvent: 1041, 262
[17:01:31] [trace] XENGINE: MouseMovedEvent: 1038, 264
[17:01:31] [trace] XENGINE: MouseMovedEvent: 1037, 265
[17:01:31] [trace] XENGINE: MouseMovedEvent: 1035, 267
[17:01:31] [trace] XENGINE: MouseMovedEvent: 1032, 270
[17:01:31] [trace] XENGINE: MouseMovedEvent: 1029, 273
[17:01:31] [trace] XENGINE: MouseMovedEvent: 1026, 274
[17:01:31] [trace] XENGINE: MouseMovedEvent: 1025, 276
[17:01:31] [trace] XENGINE: MouseMovedEvent: 1022, 279
[17:01:31] [trace] XENGINE: MouseMovedEvent: 1019, 280
[17:01:31] [trace] XENGINE: MouseMovedEvent: 1019, 282
[17:01:31] [trace] XENGINE: MouseMovedEvent: 1016, 283
[17:01:31] [trace] XENGINE: MouseMovedEvent: 1013, 286
[17:01:31] [trace] XENGINE: MouseMovedEvent: 1010, 289
[17:01:31] [trace] XENGINE: MouseMovedEvent: 1007, 291
[17:01:31] [trace] XENGINE: MouseMovedEvent: 1004, 294
[17:01:31] [trace] XENGINE: MouseMovedEvent: 1002, 295
[17:01:31] [trace] XENGINE: MouseMovedEvent: 999, 298
[17:01:31] [trace] XENGINE: MouseMovedEvent: 996, 301
[17:01:31] [trace] XENGINE: MouseMovedEvent: 995, 303
[17:01:31] [trace] XENGINE: MouseMovedEvent: 992, 306
[17:01:31] [trace] XENGINE: MouseMovedEvent: 990, 307
[17:01:31] [trace] XENGINE: MouseMovedEvent: 987, 309
[17:01:31] [trace] XENGINE: MouseMovedEvent: 986, 312
[17:01:31] [trace] XENGINE: MouseMovedEvent: 983, 313
[17:01:31] [trace] XENGINE: MouseMovedEvent: 980, 316
[17:01:31] [trace] XENGINE: MouseMovedEvent: 978, 319
[17:01:31] [trace] XENGINE: MouseMovedEvent: 975, 321
[17:01:31] [trace] XENGINE: MouseMovedEvent: 972, 325
[17:01:31] [trace] XENGINE: MouseMovedEvent: 971, 325
[17:01:31] [trace] XENGINE: MouseMovedEvent: 968, 328
[17:01:31] [trace] XENGINE: MouseMovedEvent: 965, 333
[17:01:31] [trace] XENGINE: MouseMovedEvent: 962, 336
[17:01:31] [trace] XENGINE: MouseMovedEvent: 960, 337
[17:01:31] [trace] XENGINE: MouseMovedEvent: 953, 345
[17:01:31] [trace] XENGINE: MouseMovedEvent: 950, 348
[17:01:31] [trace] XENGINE: MouseMovedEvent: 948, 351
[17:01:31] [trace] XENGINE: MouseMovedEvent: 947, 352
[17:01:31] [trace] XENGINE: MouseMovedEvent: 944, 355
[17:01:31] [trace] XENGINE: MouseMovedEvent: 942, 358
[17:01:31] [trace] XENGINE: MouseMovedEvent: 939, 360
[17:01:31] [trace] XENGINE: MouseMovedEvent: 938, 363
[17:01:31] [trace] XENGINE: MouseMovedEvent: 935, 366
[17:01:31] [trace] XENGINE: MouseMovedEvent: 933, 367
[17:01:31] [trace] XENGINE: MouseMovedEvent: 930, 372
[17:01:31] [trace] XENGINE: MouseMovedEvent: 927, 375
[17:01:31] [trace] XENGINE: MouseMovedEvent: 924, 378
[17:01:31] [trace] XENGINE: MouseMovedEvent: 923, 381
[17:01:31] [trace] XENGINE: MouseMovedEvent: 921, 382
[17:01:31] [trace] XENGINE: MouseMovedEvent: 918, 385
[17:01:31] [trace] XENGINE: MouseMovedEvent: 914, 391
[17:01:31] [trace] XENGINE: MouseMovedEvent: 912, 393
[17:01:31] [trace] XENGINE: MouseMovedEvent: 911, 396
[17:01:31] [trace] XENGINE: MouseMovedEvent: 909, 399
[17:01:31] [trace] XENGINE: MouseMovedEvent: 905, 403
[17:01:31] [trace] XENGINE: MouseMovedEvent: 903, 406
[17:01:31] [trace] XENGINE: MouseMovedEvent: 900, 409
[17:01:31] [trace] XENGINE: MouseMovedEvent: 899, 412
[17:01:31] [trace] XENGINE: MouseMovedEvent: 897, 414
[17:01:31] [trace] XENGINE: MouseMovedEvent: 896, 417
[17:01:31] [trace] XENGINE: MouseMovedEvent: 893, 420
[17:01:31] [trace] XENGINE: MouseMovedEvent: 891, 423
[17:01:31] [trace] XENGINE: MouseMovedEvent: 890, 426
[17:01:31] [trace] XENGINE: MouseMovedEvent: 888, 427
[17:01:31] [trace] XENGINE: MouseMovedEvent: 885, 430
[17:01:31] [trace] XENGINE: MouseMovedEvent: 884, 433
[17:01:31] [trace] XENGINE: MouseMovedEvent: 882, 436
[17:01:31] [trace] XENGINE: MouseMovedEvent: 881, 438
[17:01:31] [trace] XENGINE: MouseMovedEvent: 879, 441
[17:01:31] [trace] XENGINE: MouseMovedEvent: 876, 444
[17:01:31] [trace] XENGINE: MouseMovedEvent: 875, 447
[17:01:31] [trace] XENGINE: MouseMovedEvent: 873, 448
[17:01:31] [trace] XENGINE: MouseMovedEvent: 872, 451
[17:01:31] [trace] XENGINE: MouseMovedEvent: 870, 454
[17:01:31] [trace] XENGINE: MouseMovedEvent: 869, 457
[17:01:31] [trace] XENGINE: MouseMovedEvent: 867, 459
[17:01:31] [trace] XENGINE: MouseMovedEvent: 866, 462
[17:01:31] [trace] XENGINE: MouseMovedEvent: 864, 463
[17:01:31] [trace] XENGINE: MouseMovedEvent: 861, 468
[17:01:31] [trace] XENGINE: MouseMovedEvent: 861, 469
[17:01:31] [trace] XENGINE: MouseMovedEvent: 860, 472
[17:01:31] [trace] XENGINE: MouseMovedEvent: 858, 474
[17:01:31] [trace] XENGINE: MouseMovedEvent: 857, 477
[17:01:31] [trace] XENGINE: MouseMovedEvent: 855, 480
[17:01:31] [trace] XENGINE: MouseMovedEvent: 854, 481
[17:01:31] [trace] XENGINE: MouseMovedEvent: 854, 483
[17:01:31] [trace] XENGINE: MouseMovedEvent: 852, 486
[17:01:31] [trace] XENGINE: MouseMovedEvent: 851, 487
[17:01:31] [trace] XENGINE: MouseMovedEvent: 849, 492
[17:01:31] [trace] XENGINE: MouseMovedEvent: 848, 493
[17:01:31] [trace] XENGINE: MouseMovedEvent: 846, 495
[17:01:31] [trace] XENGINE: MouseMovedEvent: 846, 498
[17:01:31] [trace] XENGINE: MouseMovedEvent: 845, 499
[17:01:31] [trace] XENGINE: MouseMovedEvent: 843, 502
[17:01:31] [trace] XENGINE: MouseMovedEvent: 843, 504
[17:01:31] [trace] XENGINE: MouseMovedEvent: 842, 505
[17:01:31] [trace] XENGINE: MouseMovedEvent: 842, 507
[17:01:31] [trace] XENGINE: MouseMovedEvent: 840, 508
[17:01:31] [trace] XENGINE: MouseMovedEvent: 839, 511
[17:01:31] [trace] XENGINE: MouseMovedEvent: 839, 513
[17:01:31] [trace] XENGINE: MouseMovedEvent: 837, 516
[17:01:31] [trace] XENGINE: MouseMovedEvent: 837, 517
[17:01:31] [trace] XENGINE: MouseMovedEvent: 836, 519
[17:01:31] [trace] XENGINE: MouseMovedEvent: 836, 520
[17:01:31] [trace] XENGINE: MouseMovedEvent: 836, 522
[17:01:31] [trace] XENGINE: MouseMovedEvent: 834, 523
[17:01:31] [trace] XENGINE: MouseMovedEvent: 834, 525
[17:01:31] [trace] XENGINE: MouseMovedEvent: 834, 526
[17:01:31] [trace] XENGINE: MouseMovedEvent: 833, 528
[17:01:31] [trace] XENGINE: MouseMovedEvent: 833, 529
[17:01:31] [trace] XENGINE: MouseMovedEvent: 833, 531
[17:01:31] [trace] XENGINE: MouseMovedEvent: 833, 532
[17:01:31] [trace] XENGINE: MouseMovedEvent: 831, 534
[17:01:31] [trace] XENGINE: MouseMovedEvent: 831, 535
[17:01:31] [trace] XENGINE: MouseMovedEvent: 831, 537
[17:01:31] [trace] XENGINE: MouseMovedEvent: 831, 538
[17:01:31] [trace] XENGINE: MouseMovedEvent: 831, 540
[17:01:31] [trace] XENGINE: MouseMovedEvent: 831, 541
[17:01:31] [trace] XENGINE: MouseMovedEvent: 831, 543
[17:01:31] [trace] XENGINE: MouseMovedEvent: 831, 544
[17:01:31] [trace] XENGINE: MouseMovedEvent: 830, 544
[17:01:31] [trace] XENGINE: MouseMovedEvent: 830, 546
[17:01:31] [trace] XENGINE: MouseMovedEvent: 830, 547
[17:01:31] [trace] XENGINE: MouseMovedEvent: 830, 549
[17:01:31] [trace] XENGINE: MouseMovedEvent: 830, 550
[17:01:31] [trace] XENGINE: MouseMovedEvent: 830, 552
[17:01:31] [trace] XENGINE: MouseMovedEvent: 830, 553
[17:01:31] [trace] XENGINE: MouseMovedEvent: 831, 553
[17:01:31] [trace] XENGINE: MouseMovedEvent: 831, 555
[17:01:31] [trace] XENGINE: MouseMovedEvent: 832, 555
[17:01:31] [trace] XENGINE: MouseMovedEvent: 832, 556
[17:01:31] [trace] XENGINE: MouseMovedEvent: 834, 556
[17:01:31] [trace] XENGINE: MouseMovedEvent: 835, 556
[17:01:31] [trace] XENGINE: MouseMovedEvent: 837, 558
[17:01:31] [trace] XENGINE: MouseMovedEvent: 838, 558
[17:01:31] [trace] XENGINE: MouseMovedEvent: 840, 558
[17:01:31] [trace] XENGINE: MouseMovedEvent: 841, 558
[17:01:31] [trace] XENGINE: MouseMovedEvent: 843, 558
[17:01:31] [trace] XENGINE: MouseMovedEvent: 846, 558
[17:01:31] [trace] XENGINE: MouseMovedEvent: 849, 558
[17:01:31] [trace] XENGINE: MouseMovedEvent: 849, 557
[17:01:31] [trace] XENGINE: MouseMovedEvent: 850, 557
[17:01:31] [trace] XENGINE: MouseMovedEvent: 852, 557
[17:01:31] [trace] XENGINE: MouseMovedEvent: 853, 555
[17:01:31] [trace] XENGINE: MouseMovedEvent: 855, 555
[17:01:31] [trace] XENGINE: MouseMovedEvent: 856, 554
[17:01:31] [trace] XENGINE: MouseMovedEvent: 859, 552
[17:01:31] [trace] XENGINE: MouseMovedEvent: 862, 552
[17:01:31] [trace] XENGINE: MouseMovedEvent: 864, 551
[17:01:31] [trace] XENGINE: MouseMovedEvent: 865, 549
[17:01:31] [trace] XENGINE: MouseMovedEvent: 867, 549
[17:01:31] [trace] XENGINE: MouseMovedEvent: 868, 548
[17:01:31] [trace] XENGINE: MouseMovedEvent: 871, 546
[17:01:31] [trace] XENGINE: MouseMovedEvent: 873, 545
[17:01:31] [trace] XENGINE: MouseMovedEvent: 876, 543
[17:01:31] [trace] XENGINE: MouseMovedEvent: 877, 543
[17:01:31] [trace] XENGINE: MouseMovedEvent: 880, 542
[17:01:31] [trace] XENGINE: MouseMovedEvent: 883, 539
[17:01:31] [trace] XENGINE: MouseMovedEvent: 885, 539
[17:01:31] [trace] XENGINE: MouseMovedEvent: 886, 537
[17:01:31] [trace] XENGINE: MouseMovedEvent: 889, 536
[17:01:31] [trace] XENGINE: MouseMovedEvent: 891, 534
[17:01:31] [trace] XENGINE: MouseMovedEvent: 898, 530
[17:01:31] [trace] XENGINE: MouseMovedEvent: 900, 528
[17:01:31] [trace] XENGINE: MouseMovedEvent: 903, 527
[17:01:31] [trace] XENGINE: MouseMovedEvent: 915, 519
[17:01:31] [trace] XENGINE: MouseMovedEvent: 919, 516
[17:01:31] [trace] XENGINE: MouseMovedEvent: 922, 513
[17:01:31] [trace] XENGINE: MouseMovedEvent: 925, 512
[17:01:31] [trace] XENGINE: MouseMovedEvent: 930, 509
[17:01:31] [trace] XENGINE: MouseMovedEvent: 934, 506
[17:01:31] [trace] XENGINE: MouseMovedEvent: 937, 503
[17:01:31] [trace] XENGINE: MouseMovedEvent: 942, 501
[17:01:31] [trace] XENGINE: MouseMovedEvent: 945, 498
[17:01:31] [trace] XENGINE: MouseMovedEvent: 949, 497
[17:01:31] [trace] XENGINE: MouseMovedEvent: 952, 494
[17:01:31] [trace] XENGINE: MouseMovedEvent: 955, 492
[17:01:31] [trace] XENGINE: MouseMovedEvent: 958, 489
[17:01:31] [trace] XENGINE: MouseMovedEvent: 963, 486
[17:01:31] [trace] XENGINE: MouseMovedEvent: 964, 486
[17:01:31] [trace] XENGINE: MouseMovedEvent: 969, 483
[17:01:31] [trace] XENGINE: MouseMovedEvent: 975, 479
[17:01:31] [trace] XENGINE: MouseMovedEvent: 979, 476
[17:01:31] [trace] XENGINE: MouseMovedEvent: 982, 474
[17:01:31] [trace] XENGINE: MouseMovedEvent: 984, 473
[17:01:31] [trace] XENGINE: MouseMovedEvent: 988, 470
[17:01:31] [trace] XENGINE: MouseMovedEvent: 996, 465
[17:01:31] [trace] XENGINE: MouseMovedEvent: 1008, 458
[17:01:31] [trace] XENGINE: MouseMovedEvent: 1009, 456
[17:01:31] [trace] XENGINE: MouseMovedEvent: 1015, 453
[17:01:31] [trace] XENGINE: MouseMovedEvent: 1020, 450
[17:01:31] [trace] XENGINE: MouseMovedEvent: 1026, 447
[17:01:31] [trace] XENGINE: MouseMovedEvent: 1030, 443
[17:01:31] [trace] XENGINE: MouseMovedEvent: 1036, 440
[17:01:31] [trace] XENGINE: MouseMovedEvent: 1038, 438
[17:01:31] [trace] XENGINE: MouseMovedEvent: 1044, 435
[17:01:31] [trace] XENGINE: MouseMovedEvent: 1047, 434
[17:01:32] [trace] XENGINE: MouseMovedEvent: 1059, 426
[17:01:32] [trace] XENGINE: MouseMovedEvent: 1065, 422
[17:01:32] [trace] XENGINE: MouseMovedEvent: 1074, 417
[17:01:32] [trace] XENGINE: MouseMovedEvent: 1086, 408
[17:01:32] [trace] XENGINE: MouseMovedEvent: 1089, 407
[17:01:32] [trace] XENGINE: MouseMovedEvent: 1102, 399
[17:01:32] [trace] XENGINE: MouseMovedEvent: 1105, 398
[17:01:32] [trace] XENGINE: MouseMovedEvent: 1113, 392
[17:01:32] [trace] XENGINE: MouseMovedEvent: 1122, 387
[17:01:32] [trace] XENGINE: MouseMovedEvent: 1129, 383
[17:01:32] [trace] XENGINE: MouseMovedEvent: 1138, 377
[17:01:32] [trace] XENGINE: MouseMovedEvent: 1150, 369
[17:01:32] [trace] XENGINE: MouseMovedEvent: 1153, 368
[17:01:32] [trace] XENGINE: MouseMovedEvent: 1161, 363
[17:01:32] [trace] XENGINE: MouseMovedEvent: 1167, 360
[17:01:32] [trace] XENGINE: MouseMovedEvent: 1170, 357
[17:01:32] [trace] XENGINE: MouseMovedEvent: 1183, 350
[17:01:32] [trace] XENGINE: MouseMovedEvent: 1186, 348
[17:01:32] [trace] XENGINE: MouseMovedEvent: 1194, 344
[17:01:32] [trace] XENGINE: MouseMovedEvent: 1203, 339
[17:01:32] [trace] XENGINE: MouseMovedEvent: 1209, 336
[17:01:32] [trace] XENGINE: MouseMovedEvent: 1210, 335
[17:01:32] [trace] XENGINE: MouseMovedEvent: 1219, 329
[17:01:32] [trace] XENGINE: MouseMovedEvent: 1227, 326
[17:01:32] [trace] XENGINE: MouseMovedEvent: 1233, 323
[17:01:32] [trace] XENGINE: MouseMovedEvent: 1236, 320
[17:01:32] [trace] XENGINE: MouseMovedEvent: 1243, 315
[17:01:32] [trace] XENGINE: MouseMovedEvent: 1252, 311
[17:01:32] [trace] XENGINE: MouseMovedEvent: 1260, 306
[17:01:32] [trace] XENGINE: MouseMovedEvent: 1261, 306
[17:01:32] [trace] XENGINE: MouseMovedEvent: 1267, 302
[17:01:32] [trace] XENGINE: MouseMovedEvent: 1275, 297
[17:01:32] [trace] XENGINE: MouseMovedEvent: 1282, 294
[17:01:32] [trace] XENGINE: MouseMovedEvent: 1288, 290
[17:01:32] [trace] XENGINE: MouseMovedEvent: 1294, 288
[17:01:32] [trace] XENGINE: MouseMovedEvent: 1297, 287
[17:01:32] [trace] XENGINE: MouseMovedEvent: 1305, 282
[17:01:32] [trace] XENGINE: MouseMovedEvent: 1314, 276
[17:01:32] [trace] XENGINE: MouseMovedEvent: 1315, 276
[17:01:32] [trace] XENGINE: MouseMovedEvent: 1320, 273
[17:01:32] [trace] XENGINE: MouseMovedEvent: 1327, 270
[17:01:32] [trace] XENGINE: MouseMovedEvent: 1332, 267
[17:01:32] [trace] XENGINE: MouseMovedEvent: 1338, 264
[17:01:32] [trace] XENGINE: MouseMovedEvent: 1344, 261
[17:01:32] [trace] XENGINE: MouseMovedEvent: 1348, 260
[17:01:32] [trace] XENGINE: MouseMovedEvent: 1351, 257
[17:01:32] [trace] XENGINE: MouseMovedEvent: 1356, 255
[17:01:32] [trace] XENGINE: MouseMovedEvent: 1360, 254
[17:01:32] [trace] XENGINE: MouseMovedEvent: 1365, 251
[17:01:32] [trace] XENGINE: MouseMovedEvent: 1369, 249
[17:01:32] [trace] XENGINE: MouseMovedEvent: 1372, 246
[17:01:32] [trace] XENGINE: MouseMovedEvent: 1377, 245
[17:01:32] [trace] XENGINE: MouseMovedEvent: 1381, 243
[17:01:32] [trace] XENGINE: MouseMovedEvent: 1386, 240
[17:01:32] [trace] XENGINE: MouseMovedEvent: 1389, 239
[17:01:32] [trace] XENGINE: MouseMovedEvent: 1395, 236
[17:01:32] [trace] XENGINE: MouseMovedEvent: 1396, 234
[17:01:32] [trace] XENGINE: MouseMovedEvent: 1401, 233
[17:01:32] [trace] XENGINE: MouseMovedEvent: 1407, 230
[17:01:32] [trace] XENGINE: MouseMovedEvent: 1410, 228
[17:01:32] [trace] XENGINE: MouseMovedEvent: 1413, 227
[17:01:32] [trace] XENGINE: MouseMovedEvent: 1417, 225
[17:01:32] [trace] XENGINE: MouseMovedEvent: 1420, 222
[17:01:32] [trace] XENGINE: MouseMovedEvent: 1422, 222
[17:01:32] [trace] XENGINE: MouseMovedEvent: 1426, 219
[17:01:32] [trace] XENGINE: MouseMovedEvent: 1431, 218
[17:01:32] [trace] XENGINE: MouseMovedEvent: 1434, 216
[17:01:32] [trace] XENGINE: MouseMovedEvent: 1435, 215
[17:01:32] [trace] XENGINE: MouseMovedEvent: 1438, 213
[17:01:32] [trace] XENGINE: MouseMovedEvent: 1443, 210
[17:01:32] [trace] XENGINE: MouseMovedEvent: 1446, 209
[17:01:32] [trace] XENGINE: MouseMovedEvent: 1450, 206
[17:01:32] [trace] XENGINE: MouseMovedEvent: 1453, 204
[17:01:32] [trace] XENGINE: MouseMovedEvent: 1456, 203
[17:01:32] [trace] XENGINE: MouseMovedEvent: 1458, 201
[17:01:32] [trace] XENGINE: MouseMovedEvent: 1461, 200
[17:01:32] [trace] XENGINE: MouseMovedEvent: 1464, 198
[17:01:32] [trace] XENGINE: MouseMovedEvent: 1465, 198
[17:01:32] [trace] XENGINE: MouseMovedEvent: 1468, 195
[17:01:32] [trace] XENGINE: MouseMovedEvent: 1473, 194
[17:01:32] [trace] XENGINE: MouseMovedEvent: 1473, 192
[17:01:32] [trace] XENGINE: MouseMovedEvent: 1476, 191
[17:01:32] [trace] XENGINE: MouseMovedEvent: 1477, 189
[17:01:32] [trace] XENGINE: MouseMovedEvent: 1480, 188
[17:01:32] [trace] XENGINE: MouseMovedEvent: 1482, 186
[17:01:32] [trace] XENGINE: MouseMovedEvent: 1485, 185
[17:01:32] [trace] XENGINE: MouseMovedEvent: 1488, 183
[17:01:32] [trace] XENGINE: MouseMovedEvent: 1489, 182
[17:01:32] [trace] XENGINE: MouseMovedEvent: 1491, 182
[17:01:32] [trace] XENGINE: MouseMovedEvent: 1492, 180
[17:01:32] [trace] XENGINE: MouseMovedEvent: 1494, 179
[17:01:32] [trace] XENGINE: MouseMovedEvent: 1495, 177
[17:01:32] [trace] XENGINE: MouseMovedEvent: 1498, 176
[17:01:32] [trace] XENGINE: MouseMovedEvent: 1500, 173
[17:01:32] [trace] XENGINE: MouseMovedEvent: 1501, 173
[17:01:32] [trace] XENGINE: MouseMovedEvent: 1504, 171
[17:01:32] [trace] XENGINE: MouseMovedEvent: 1504, 170
[17:01:32] [trace] XENGINE: MouseMovedEvent: 1506, 168
[17:01:32] [trace] XENGINE: MouseMovedEvent: 1507, 167
[17:01:32] [trace] XENGINE: MouseMovedEvent: 1509, 165
[17:01:32] [trace] XENGINE: MouseMovedEvent: 1510, 165
[17:01:32] [trace] XENGINE: MouseMovedEvent: 1512, 164
[17:01:32] [trace] XENGINE: MouseMovedEvent: 1513, 162
[17:01:32] [trace] XENGINE: MouseMovedEvent: 1515, 161
[17:01:32] [trace] XENGINE: MouseMovedEvent: 1515, 159
[17:01:32] [trace] XENGINE: MouseMovedEvent: 1516, 159
[17:01:32] [trace] XENGINE: MouseMovedEvent: 1518, 156
[17:01:32] [trace] XENGINE: MouseMovedEvent: 1519, 155
[17:01:32] [trace] XENGINE: MouseMovedEvent: 1521, 155
[17:01:32] [trace] XENGINE: MouseMovedEvent: 1521, 153
[17:01:32] [trace] XENGINE: MouseMovedEvent: 1522, 152
[17:01:32] [trace] XENGINE: MouseMovedEvent: 1524, 150
[17:01:32] [trace] XENGINE: MouseMovedEvent: 1524, 149
[17:01:32] [trace] XENGINE: MouseMovedEvent: 1525, 147
[17:01:32] [trace] XENGINE: MouseMovedEvent: 1527, 146
[17:01:32] [trace] XENGINE: MouseMovedEvent: 1528, 144
[17:01:32] [trace] XENGINE: MouseMovedEvent: 1528, 143
[17:01:32] [trace] XENGINE: MouseMovedEvent: 1530, 141
[17:01:32] [trace] XENGINE: MouseMovedEvent: 1530, 140
[17:01:32] [trace] XENGINE: MouseMovedEvent: 1531, 138
[17:01:32] [trace] XENGINE: MouseMovedEvent: 1531, 137
[17:01:32] [trace] XENGINE: MouseMovedEvent: 1533, 135
[17:01:32] [trace] XENGINE: MouseMovedEvent: 1533, 134
[17:01:32] [trace] XENGINE: MouseMovedEvent: 1533, 132
[17:01:32] [trace] XENGINE: MouseMovedEvent: 1534, 132
[17:01:32] [trace] XENGINE: MouseMovedEvent: 1534, 131
[17:01:32] [trace] XENGINE: MouseMovedEvent: 1534, 129
[17:01:32] [trace] XENGINE: MouseMovedEvent: 1534, 128
[17:01:32] [trace] XENGINE: MouseMovedEvent: 1536, 128
[17:01:32] [trace] XENGINE: MouseMovedEvent: 1536, 126
[17:01:32] [trace] XENGINE: MouseMovedEvent: 1536, 125
[17:01:32] [trace] XENGINE: MouseMovedEvent: 1536, 123
[17:01:32] [trace] XENGINE: MouseMovedEvent: 1536, 122
[17:01:32] [trace] XENGINE: MouseMovedEvent: 1537, 120
[17:01:32] [trace] XENGINE: MouseMovedEvent: 1537, 119
[17:01:32] [trace] XENGINE: MouseMovedEvent: 1537, 117
[17:01:32] [trace] XENGINE: MouseMovedEvent: 1537, 116
[17:01:32] [trace] XENGINE: MouseMovedEvent: 1537, 114
[17:01:32] [trace] XENGINE: MouseMovedEvent: 1537, 113
[17:01:32] [trace] XENGINE: MouseMovedEvent: 1537, 111
[17:01:32] [trace] XENGINE: MouseMovedEvent: 1537, 110
[17:01:32] [trace] XENGINE: MouseMovedEvent: 1537, 108
[17:01:32] [trace] XENGINE: MouseMovedEvent: 1537, 107
[17:01:32] [trace] XENGINE: MouseMovedEvent: 1537, 105
[17:01:32] [trace] XENGINE: MouseMovedEvent: 1537, 104
[17:01:32] [trace] XENGINE: MouseMovedEvent: 1537, 102
[17:01:32] [trace] XENGINE: MouseMovedEvent: 1537, 101
[17:01:32] [trace] XENGINE: MouseMovedEvent: 1537, 99
[17:01:32] [trace] XENGINE: MouseMovedEvent: 1537, 98
[17:01:32] [trace] XENGINE: MouseMovedEvent: 1537, 96
[17:01:32] [trace] XENGINE: MouseMovedEvent: 1537, 95
[17:01:32] [trace] XENGINE: MouseMovedEvent: 1537, 93
[17:01:32] [trace] XENGINE: MouseMovedEvent: 1537, 92
[17:01:32] [trace] XENGINE: MouseMovedEvent: 1537, 90
[17:01:32] [trace] XENGINE: MouseMovedEvent: 1539, 89
[17:01:32] [trace] XENGINE: MouseMovedEvent: 1539, 87
[17:01:32] [trace] XENGINE: MouseMovedEvent: 1539, 84
[17:01:32] [trace] XENGINE: MouseMovedEvent: 1539, 83
[17:01:32] [trace] XENGINE: MouseMovedEvent: 1539, 81
[17:01:32] [trace] XENGINE: MouseMovedEvent: 1539, 80
[17:01:32] [trace] XENGINE: MouseMovedEvent: 1539, 78
[17:01:32] [trace] XENGINE: MouseMovedEvent: 1539, 77
[17:01:32] [trace] XENGINE: MouseMovedEvent: 1539, 75
[17:01:32] [trace] XENGINE: MouseMovedEvent: 1540, 74
[17:01:32] [trace] XENGINE: MouseMovedEvent: 1540, 72
[17:01:32] [trace] XENGINE: MouseMovedEvent: 1540, 71
[17:01:32] [trace] XENGINE: MouseMovedEvent: 1540, 69
[17:01:32] [trace] XENGINE: MouseMovedEvent: 1540, 68
[17:01:32] [trace] XENGINE: MouseMovedEvent: 1540, 66
[17:01:32] [trace] XENGINE: MouseMovedEvent: 1542, 66
[17:01:32] [trace] XENGINE: MouseMovedEvent: 1542, 65
[17:01:32] [trace] XENGINE: MouseMovedEvent: 1542, 63
[17:01:32] [trace] XENGINE: MouseMovedEvent: 1542, 62
[17:01:32] [trace] XENGINE: MouseMovedEvent: 1542, 60
[17:01:32] [trace] XENGINE: MouseMovedEvent: 1542, 59
[17:01:32] [trace] XENGINE: MouseMovedEvent: 1543, 59
[17:01:32] [trace] XENGINE: MouseMovedEvent: 1543, 57
[17:01:32] [trace] XENGINE: MouseMovedEvent: 1543, 56
[17:01:32] [trace] XENGINE: MouseMovedEvent: 1543, 54
[17:01:32] [trace] XENGINE: MouseMovedEvent: 1543, 53
[17:01:32] [trace] XENGINE: MouseMovedEvent: 1543, 51
[17:01:32] [trace] XENGINE: MouseMovedEvent: 1543, 50
[17:01:32] [trace] XENGINE: MouseMovedEvent: 1543, 48
[17:01:32] [trace] XENGINE: MouseMovedEvent: 1545, 48
[17:01:32] [trace] XENGINE: MouseMovedEvent: 1545, 47
[17:01:32] [trace] XENGINE: MouseMovedEvent: 1545, 45
[17:01:32] [trace] XENGINE: MouseMovedEvent: 1545, 44
[17:01:32] [trace] XENGINE: MouseMovedEvent: 1545, 42
[17:01:32] [trace] XENGINE: MouseMovedEvent: 1545, 41
[17:01:32] [trace] XENGINE: MouseMovedEvent: 1545, 39
[17:01:32] [trace] XENGINE: MouseMovedEvent: 1545, 38
[17:01:32] [trace] XENGINE: MouseMovedEvent: 1545, 36
[17:01:32] [trace] XENGINE: MouseMovedEvent: 1545, 35
[17:01:32] [trace] XENGINE: MouseMovedEvent: 1546, 35
[17:01:32] [trace] XENGINE: MouseMovedEvent: 1546, 33
[17:01:32] [trace] XENGINE: MouseMovedEvent: 1546, 32
[17:01:32] [trace] XENGINE: MouseMovedEvent: 1546, 30
[17:01:32] [trace] XENGINE: MouseMovedEvent: 1546, 29
[17:01:32] [trace] XENGINE: MouseMovedEvent: 1548, 27
[17:01:32] [trace] XENGINE: MouseMovedEvent: 1548, 26
[17:01:32] [trace] XENGINE: MouseMovedEvent: 1548, 24
[17:01:32] [trace] XENGINE: MouseMovedEvent: 1548, 23
[17:01:32] [trace] XENGINE: MouseMovedEvent: 1549, 23
[17:01:32] [trace] XENGINE: MouseMovedEvent: 1549, 21
[17:01:32] [trace] XENGINE: MouseMovedEvent: 1549, 20
[17:01:32] [trace] XENGINE: MouseMovedEvent: 1549, 18
[17:01:32] [trace] XENGINE: MouseMovedEvent: 1551, 18
[17:01:32] [trace] XENGINE: MouseMovedEvent: 1551, 17
[17:01:32] [trace] XENGINE: MouseMovedEvent: 1551, 15
[17:01:32] [trace] XENGINE: MouseMovedEvent: 1551, 14
[17:01:32] [trace] XENGINE: MouseMovedEvent: 1552, 14
[17:01:32] [trace] XENGINE: MouseMovedEvent: 1552, 12
[17:01:32] [trace] XENGINE: MouseMovedEvent: 1552, 11
[17:01:32] [trace] XENGINE: MouseMovedEvent: 1554, 9
[17:01:32] [trace] XENGINE: MouseMovedEvent: 1554, 8
[17:01:32] [trace] XENGINE: MouseMovedEvent: 1554, 6
[17:01:32] [trace] XENGINE: MouseMovedEvent: 1555, 6
[17:01:32] [trace] XENGINE: MouseMovedEvent: 1555, 5
[17:01:32] [trace] XENGINE: MouseMovedEvent: 1557, 3
[17:01:32] [trace] XENGINE: MouseMovedEvent: 1557, 2
[17:01:32] [trace] XENGINE: MouseMovedEvent: 1558, 2
[17:01:32] [trace] XENGINE: MouseMovedEvent: 1558, 0
[17:01:32] [trace] XENGINE: WindowClose
